[debug] [2025-02-17T14:34:59.248Z] ----------------------------------------------------------------------
[debug] [2025-02-17T14:34:59.251Z] Command:       C:\Program Files\nodejs\node.exe C:\Users\gufen\AppData\Roaming\npm\node_modules\firebase-tools\lib\bin\firebase.js deploy --only functions
[debug] [2025-02-17T14:34:59.252Z] CLI Version:   13.31.1
[debug] [2025-02-17T14:34:59.253Z] Platform:      win32
[debug] [2025-02-17T14:34:59.253Z] Node Version:  v20.18.3
[debug] [2025-02-17T14:34:59.253Z] Time:          Mon Feb 17 2025 11:34:59 GMT-0300 (Horário Padrão de Brasília)
[debug] [2025-02-17T14:34:59.253Z] ----------------------------------------------------------------------
[debug] 
[debug] [2025-02-17T14:34:59.607Z] > command requires scopes: ["email","openid","https://www.googleapis.com/auth/cloudplatformprojects.readonly","https://www.googleapis.com/auth/firebase","https://www.googleapis.com/auth/cloud-platform"]
[debug] [2025-02-17T14:34:59.608Z] > authorizing via signed-in user (gufenascimento@gmail.com)
[debug] [2025-02-17T14:34:59.609Z] [iam] checking project seektube-b5fcd for permissions ["cloudfunctions.functions.create","cloudfunctions.functions.delete","cloudfunctions.functions.get","cloudfunctions.functions.list","cloudfunctions.functions.update","cloudfunctions.operations.get","firebase.projects.get"]
[debug] [2025-02-17T14:34:59.611Z] Checked if tokens are valid: true, expires at: 1739806129985
[debug] [2025-02-17T14:34:59.612Z] Checked if tokens are valid: true, expires at: 1739806129985
[debug] [2025-02-17T14:34:59.613Z] >>> [apiv2][query] POST https://cloudresourcemanager.googleapis.com/v1/projects/seektube-b5fcd:testIamPermissions [none]
[debug] [2025-02-17T14:34:59.614Z] >>> [apiv2][(partial)header] POST https://cloudresourcemanager.googleapis.com/v1/projects/seektube-b5fcd:testIamPermissions x-goog-quota-user=projects/seektube-b5fcd
[debug] [2025-02-17T14:34:59.614Z] >>> [apiv2][body] POST https://cloudresourcemanager.googleapis.com/v1/projects/seektube-b5fcd:testIamPermissions {"permissions":["cloudfunctions.functions.create","cloudfunctions.functions.delete","cloudfunctions.functions.get","cloudfunctions.functions.list","cloudfunctions.functions.update","cloudfunctions.operations.get","firebase.projects.get"]}
[debug] [2025-02-17T14:35:00.063Z] <<< [apiv2][status] POST https://cloudresourcemanager.googleapis.com/v1/projects/seektube-b5fcd:testIamPermissions 200
[debug] [2025-02-17T14:35:00.063Z] <<< [apiv2][body] POST https://cloudresourcemanager.googleapis.com/v1/projects/seektube-b5fcd:testIamPermissions {"permissions":["cloudfunctions.functions.create","cloudfunctions.functions.delete","cloudfunctions.functions.get","cloudfunctions.functions.list","cloudfunctions.functions.update","cloudfunctions.operations.get","firebase.projects.get"]}
[debug] [2025-02-17T14:35:00.064Z] Checked if tokens are valid: true, expires at: 1739806129985
[debug] [2025-02-17T14:35:00.064Z] Checked if tokens are valid: true, expires at: 1739806129985
[debug] [2025-02-17T14:35:00.064Z] >>> [apiv2][query] POST https://iam.googleapis.com/v1/projects/seektube-b5fcd/serviceAccounts/seektube-b5fcd@appspot.gserviceaccount.com:testIamPermissions [none]
[debug] [2025-02-17T14:35:00.064Z] >>> [apiv2][body] POST https://iam.googleapis.com/v1/projects/seektube-b5fcd/serviceAccounts/seektube-b5fcd@appspot.gserviceaccount.com:testIamPermissions {"permissions":["iam.serviceAccounts.actAs"]}
